<?xml version="1.0" encoding="UTF-8"?>
<testsuite xmlns:xsi="http://www.w3.org/2001/XMLSchema-instance" xsi:noNamespaceSchemaLocation="https://maven.apache.org/surefire/maven-surefire-plugin/xsd/surefire-test-report-3.0.xsd" version="3.0" name="ru.spbstu.telematics.java.FIFOCacheTest" time="0.064" tests="14" errors="0" skipped="0" failures="0">
  <properties>
[...]
</properties>
  <testcase name="testElement" classname="ru.spbstu.telematics.java.FIFOCacheTest" time="0.023"/>
  <testcase name="testRemoveThrowsException" classname="ru.spbstu.telematics.java.FIFOCacheTest" time="0.001"/>
  <testcase name="testSizeAndIsEmpty" classname="ru.spbstu.telematics.java.FIFOCacheTest" time="0.003"/>
  <testcase name="testToArray" classname="ru.spbstu.telematics.java.FIFOCacheTest" time="0.002"/>
  <testcase name="testClear" classname="ru.spbstu.telematics.java.FIFOCacheTest" time="0.001"/>
  <testcase name="testRetainAll" classname="ru.spbstu.telematics.java.FIFOCacheTest" time="0.001"/>
  <testcase name="testContains" classname="ru.spbstu.telematics.java.FIFOCacheTest" time="0.001"/>
  <testcase name="testAddAndPoll" classname="ru.spbstu.telematics.java.FIFOCacheTest" time="0.001"/>
  <testcase name="testOfferAndPeek" classname="ru.spbstu.telematics.java.FIFOCacheTest" time="0.001"/>
  <testcase name="testAddAll" classname="ru.spbstu.telematics.java.FIFOCacheTest" time="0.001"/>
  <testcase name="testElementThrowsException" classname="ru.spbstu.telematics.java.FIFOCacheTest" time="0.001"/>
  <testcase name="testToArrayWithType" classname="ru.spbstu.telematics.java.FIFOCacheTest" time="0.001"/>
  <testcase name="testRemove" classname="ru.spbstu.telematics.java.FIFOCacheTest" time="0.001"/>
  <testcase name="testRemoveAll" classname="ru.spbstu.telematics.java.FIFOCacheTest" time="0.001"/>
</testsuite>